--------------------
./configure --host=arm-linux-androideabi --target=arm-linux-androideabi --prefix=/home/robbie/python-for-android/python3-alpha/thirdparty
Wed Mar 21 22:41:30 EST 2012
./configure --help for help
--------------------
./configure --target=arm-linux-androideabi
Wed Mar 21 22:43:00 EST 2012
./configure --help for help
--------------------
./configure --help
Wed Mar 21 22:43:06 EST 2012
usage:
  configure [--zprefix] [--prefix=PREFIX]  [--eprefix=EXPREFIX]
    [--static] [--64] [--libdir=LIBDIR] [--sharedlibdir=LIBDIR]
    [--includedir=INCLUDEDIR] [--archs="-arch i386 -arch x86_64"]
--------------------
./configure --host=arm-linux-androideabi --target=arm-linux-androideabi --prefix=/home/robbie/python-for-android/python3-alpha/thirdparty
Wed Mar 21 22:45:01 EST 2012
./configure --help for help
--------------------
./configure --prefix=/home/robbie/python-for-android/python3-alpha/thirdparty
Wed Mar 21 22:45:16 EST 2012

Checking for gcc...
=== ztest29560.c ===
extern int getchar();
int hello() {return getchar();}
===
gcc -c -O3 ztest29560.c
... using gcc

Checking for shared library support...
=== ztest29560.c ===
extern int getchar();
int hello() {return getchar();}
===
gcc -w -c -O3 -fPIC ztest29560.c
gcc -shared -Wl,-soname,libz.so.1,--version-script,zlib.map -O3 -fPIC -o ztest29560.so ztest29560.o
Building shared library libz.so.1.2.6 with gcc.

=== ztest29560.c ===
#include <sys/types.h>
off64_t dummy = 0;
===
gcc -c -O3 -D_LARGEFILE64_SOURCE=1 ztest29560.c
Checking for off64_t... Yes.
Checking for fseeko... Yes.

=== ztest29560.c ===
#include <unistd.h>
int main() { return 0; }
===
gcc -c -O3 -D_LARGEFILE64_SOURCE=1 ztest29560.c
Checking for unistd.h... Yes.

=== ztest29560.c ===
#include <stdarg.h>
int main() { return 0; }
===
gcc -c -O3 -D_LARGEFILE64_SOURCE=1 ztest29560.c
Checking for stdarg.h... Yes.

=== ztest29560.c ===
#include <stdio.h>
#include <stdarg.h>
#include "zconf.h"
int main()
{
#ifndef STDC
  choke me
#endif
  return 0;
}
===
gcc -c -O3 -D_LARGEFILE64_SOURCE=1 ztest29560.c
Checking whether to use vs[n]printf() or s[n]printf()... using vs[n]printf().

=== ztest29560.c ===
#include <stdio.h>
#include <stdarg.h>
int mytest(const char *fmt, ...)
{
  char buf[20];
  va_list ap;
  va_start(ap, fmt);
  vsnprintf(buf, sizeof(buf), fmt, ap);
  va_end(ap);
  return 0;
}
int main()
{
  return (mytest("Hello%d\n", 1));
}
===
gcc -O3 -D_LARGEFILE64_SOURCE=1 -o ztest29560 ztest29560.c
Checking for vsnprintf() in stdio.h... Yes.

=== ztest29560.c ===
#include <stdio.h>
#include <stdarg.h>
int mytest(const char *fmt, ...)
{
  int n;
  char buf[20];
  va_list ap;
  va_start(ap, fmt);
  n = vsnprintf(buf, sizeof(buf), fmt, ap);
  va_end(ap);
  return n;
}
int main()
{
  return (mytest("Hello%d\n", 1));
}
===
gcc -c -O3 -D_LARGEFILE64_SOURCE=1 ztest29560.c
Checking for return value of vsnprintf()... Yes.

=== ztest29560.c ===
#if ((__GNUC__-0) * 10 + __GNUC_MINOR__-0 >= 33)
#  define ZLIB_INTERNAL __attribute__((visibility ("hidden")))
#else
#  define ZLIB_INTERNAL
#endif
int ZLIB_INTERNAL foo;
int main()
{
  return 0;
}
===
gcc -c -O3 -D_LARGEFILE64_SOURCE=1 ztest29560.c
Checking for attribute(visibility) support... Yes.

ALL = static shared all64
AR = ar
ARFLAGS = rc
CC = gcc
CFLAGS = -O3 -D_LARGEFILE64_SOURCE=1
CPP = gcc -E
EXE =
LDCONFIG = ldconfig
LDFLAGS =
LDSHARED = gcc -shared -Wl,-soname,libz.so.1,--version-script,zlib.map
LDSHAREDLIBC = -lc
OBJC = $(OBJZ) $(OBJG)
PIC_OBJC = $(PIC_OBJZ) $(PIC_OBJG)
RANLIB = ranlib
SFLAGS = -O3 -fPIC -D_LARGEFILE64_SOURCE=1
SHAREDLIB = libz.so
SHAREDLIBM = libz.so.1
SHAREDLIBV = libz.so.1.2.6
STATICLIB = libz.a
TEST = all teststatic testshared test64
VER = 1.2.6
exec_prefix = ${prefix}
includedir = ${prefix}/include
libdir = ${exec_prefix}/lib
mandir = ${prefix}/share/man
prefix = /home/robbie/python-for-android/python3-alpha/thirdparty
sharedlibdir = ${libdir}
uname = Linux
--------------------


--------------------
./configure
Wed Mar 28 23:53:59 EST 2012

Checking for gcc...
=== ztest30121.c ===
extern int getchar();
int hello() {return getchar();}
===
gcc -c -O3 ztest30121.c
... using gcc

Checking for shared library support...
=== ztest30121.c ===
extern int getchar();
int hello() {return getchar();}
===
gcc -w -c -O3 -fPIC ztest30121.c
gcc -shared -Wl,-soname,libz.so.1,--version-script,zlib.map -O3 -fPIC -o ztest30121.so ztest30121.o
Building shared library libz.so.1.2.6 with gcc.

=== ztest30121.c ===
#include <sys/types.h>
off64_t dummy = 0;
===
gcc -c -O3 -D_LARGEFILE64_SOURCE=1 ztest30121.c
Checking for off64_t... Yes.
Checking for fseeko... Yes.

=== ztest30121.c ===
#include <unistd.h>
int main() { return 0; }
===
gcc -c -O3 -D_LARGEFILE64_SOURCE=1 ztest30121.c
Checking for unistd.h... Yes.

=== ztest30121.c ===
#include <stdarg.h>
int main() { return 0; }
===
gcc -c -O3 -D_LARGEFILE64_SOURCE=1 ztest30121.c
Checking for stdarg.h... Yes.

=== ztest30121.c ===
#include <stdio.h>
#include <stdarg.h>
#include "zconf.h"
int main()
{
#ifndef STDC
  choke me
#endif
  return 0;
}
===
gcc -c -O3 -D_LARGEFILE64_SOURCE=1 ztest30121.c
Checking whether to use vs[n]printf() or s[n]printf()... using vs[n]printf().

=== ztest30121.c ===
#include <stdio.h>
#include <stdarg.h>
int mytest(const char *fmt, ...)
{
  char buf[20];
  va_list ap;
  va_start(ap, fmt);
  vsnprintf(buf, sizeof(buf), fmt, ap);
  va_end(ap);
  return 0;
}
int main()
{
  return (mytest("Hello%d\n", 1));
}
===
gcc -O3 -D_LARGEFILE64_SOURCE=1 -o ztest30121 ztest30121.c
Checking for vsnprintf() in stdio.h... Yes.

=== ztest30121.c ===
#include <stdio.h>
#include <stdarg.h>
int mytest(const char *fmt, ...)
{
  int n;
  char buf[20];
  va_list ap;
  va_start(ap, fmt);
  n = vsnprintf(buf, sizeof(buf), fmt, ap);
  va_end(ap);
  return n;
}
int main()
{
  return (mytest("Hello%d\n", 1));
}
===
gcc -c -O3 -D_LARGEFILE64_SOURCE=1 ztest30121.c
Checking for return value of vsnprintf()... Yes.

=== ztest30121.c ===
#if ((__GNUC__-0) * 10 + __GNUC_MINOR__-0 >= 33)
#  define ZLIB_INTERNAL __attribute__((visibility ("hidden")))
#else
#  define ZLIB_INTERNAL
#endif
int ZLIB_INTERNAL foo;
int main()
{
  return 0;
}
===
gcc -c -O3 -D_LARGEFILE64_SOURCE=1 ztest30121.c
Checking for attribute(visibility) support... Yes.

ALL = static shared all64
AR = ar
ARFLAGS = rc
CC = gcc
CFLAGS = -O3 -D_LARGEFILE64_SOURCE=1
CPP = gcc -E
EXE =
LDCONFIG = ldconfig
LDFLAGS =
LDSHARED = gcc -shared -Wl,-soname,libz.so.1,--version-script,zlib.map
LDSHAREDLIBC = -lc
OBJC = $(OBJZ) $(OBJG)
PIC_OBJC = $(PIC_OBJZ) $(PIC_OBJG)
RANLIB = ranlib
SFLAGS = -O3 -fPIC -D_LARGEFILE64_SOURCE=1
SHAREDLIB = libz.so
SHAREDLIBM = libz.so.1
SHAREDLIBV = libz.so.1.2.6
STATICLIB = libz.a
TEST = all teststatic testshared test64
VER = 1.2.6
exec_prefix = ${prefix}
includedir = ${prefix}/include
libdir = ${exec_prefix}/lib
mandir = ${prefix}/share/man
prefix = /usr/local
sharedlibdir = ${libdir}
uname = Linux
--------------------


--------------------
./configure --help
Wed Mar 28 23:54:12 EST 2012
usage:
  configure [--zprefix] [--prefix=PREFIX]  [--eprefix=EXPREFIX]
    [--static] [--64] [--libdir=LIBDIR] [--sharedlibdir=LIBDIR]
    [--includedir=INCLUDEDIR] [--archs="-arch i386 -arch x86_64"]
